<?xml version='1.0' encoding='UTF-8'?>
<testsuite hostname="roni-RC420-RC520-RC720" name="example.ListsSuite" tests="13" errors="0" failures="0" time="0.02">
                     <properties>
[...]
</properties>
                     <testcase classname="example.ListsSuite" name="one plus one is two" time="0.011">
                                                 
                                               </testcase><testcase classname="example.ListsSuite" name="one plus one is three?" time="0.0">
                                                 
                                               </testcase><testcase classname="example.ListsSuite" name="details why one plus one is not three" time="0.004">
                                                 
                                               </testcase><testcase classname="example.ListsSuite" name="intNotZero throws an exception if its argument is 0" time="0.002">
                                                 
                                               </testcase><testcase classname="example.ListsSuite" name="sum of a few numbers" time="0.001">
                                                 
                                               </testcase><testcase classname="example.ListsSuite" name="sum of a few negative numbers" time="0.0">
                                                 
                                               </testcase><testcase classname="example.ListsSuite" name="sum of lists with repeated elements" time="0.0">
                                                 
                                               </testcase><testcase classname="example.ListsSuite" name="sum of list of zeroes" time="0.0">
                                                 
                                               </testcase><testcase classname="example.ListsSuite" name="sum of empty list" time="0.0">
                                                 
                                               </testcase><testcase classname="example.ListsSuite" name="max of a few numbers" time="0.001">
                                                 
                                               </testcase><testcase classname="example.ListsSuite" name="max of a few negative numbers" time="0.0">
                                                 
                                               </testcase><testcase classname="example.ListsSuite" name="max of lists with repeated elements" time="0.001">
                                                 
                                               </testcase><testcase classname="example.ListsSuite" name="max of list of zeroes" time="0.0">
                                                 
                                               </testcase>
                     <system-out></system-out>
                     <system-err></system-err>
                   </testsuite>